# JRE version: Java(TM) SE Runtime Environment (8.0_221-b11) (build 1.8.0_221-b11)
# Java VM: Java HotSpot(TM) 64-Bit Server VM (25.221-b11 mixed mode windows-amd64 compressed oops)
Heap:
 PSYoungGen      total 390656K, used 23731K [0x000000076b300000, 0x0000000785580000, 0x00000007c0000000)
  eden space 375808K, 5% used [0x000000076b300000,0x000000076c8bced8,0x0000000782200000)
  from space 14848K, 9% used [0x0000000784700000,0x0000000784870010,0x0000000785580000)
  to   space 26112K, 0% used [0x0000000782280000,0x0000000782280000,0x0000000783c00000)
 ParOldGen       total 132608K, used 36178K [0x00000006c1800000, 0x00000006c9980000, 0x000000076b300000)
  object space 132608K, 27% used [0x00000006c1800000,0x00000006c3b54a10,0x00000006c9980000)
 Metaspace       used 35219K, capacity 35812K, committed 36096K, reserved 1081344K
  class space    used 4932K, capacity 5072K, committed 5120K, reserved 1048576K
GC Heap History (10 events):
Event: 12.113 GC heap before
{Heap before GC invocations=8 (full 1):
 PSYoungGen      total 230400K, used 230208K [0x000000076b300000, 0x000000077a580000, 0x00000007c0000000)
  eden space 221184K, 100% used [0x000000076b300000,0x0000000778b00000,0x0000000778b00000)
  from space 9216K, 97% used [0x0000000779c80000,0x000000077a5502f8,0x000000077a580000)
  to   space 13312K, 0% used [0x0000000778b80000,0x0000000778b80000,0x0000000779880000)
 ParOldGen       total 78848K, used 6343K [0x00000006c1800000, 0x00000006c6500000, 0x000000076b300000)
  object space 78848K, 8% used [0x00000006c1800000,0x00000006c1e31c18,0x00000006c6500000)
 Metaspace       used 34444K, capacity 35072K, committed 35328K, reserved 1079296K
  class space    used 4870K, capacity 5038K, committed 5120K, reserved 1048576K
Event: 12.147 GC heap after
Heap after GC invocations=8 (full 1):
 PSYoungGen      total 235008K, used 13284K [0x000000076b300000, 0x0000000786080000, 0x00000007c0000000)
  eden space 221696K, 0% used [0x000000076b300000,0x000000076b300000,0x0000000778b80000)
  from space 13312K, 99% used [0x0000000778b80000,0x00000007798793c0,0x0000000779880000)
  to   space 26112K, 0% used [0x0000000784700000,0x0000000784700000,0x0000000786080000)
 ParOldGen       total 78848K, used 26342K [0x00000006c1800000, 0x00000006c6500000, 0x000000076b300000)
  object space 78848K, 33% used [0x00000006c1800000,0x00000006c31b9878,0x00000006c6500000)
 Metaspace       used 34444K, capacity 35072K, committed 35328K, reserved 1079296K
  class space    used 4870K, capacity 5038K, committed 5120K, reserved 1048576K
}
Event: 22.794 GC heap before
{Heap before GC invocations=9 (full 1):
 PSYoungGen      total 235008K, used 220091K [0x000000076b300000, 0x0000000786080000, 0x00000007c0000000)
  eden space 221696K, 93% used [0x000000076b300000,0x0000000777cf5b88,0x0000000778b80000)
  from space 13312K, 99% used [0x0000000778b80000,0x00000007798793c0,0x0000000779880000)
  to   space 26112K, 0% used [0x0000000784700000,0x0000000784700000,0x0000000786080000)
 ParOldGen       total 78848K, used 26342K [0x00000006c1800000, 0x00000006c6500000, 0x000000076b300000)
  object space 78848K, 33% used [0x00000006c1800000,0x00000006c31b9878,0x00000006c6500000)
 Metaspace       used 34800K, capacity 35364K, committed 35496K, reserved 1079296K
  class space    used 4914K, capacity 5072K, committed 5120K, reserved 1048576K
Event: 22.807 GC heap after
Heap after GC invocations=9 (full 1):
 PSYoungGen      total 390656K, used 14449K [0x000000076b300000, 0x0000000785580000, 0x00000007c0000000)
  eden space 375808K, 0% used [0x000000076b300000,0x000000076b300000,0x0000000782200000)
  from space 14848K, 97% used [0x0000000784700000,0x000000078551c6c0,0x0000000785580000)
  to   space 26112K, 0% used [0x0000000782280000,0x0000000782280000,0x0000000783c00000)
 ParOldGen       total 78848K, used 27166K [0x00000006c1800000, 0x00000006c6500000, 0x000000076b300000)
  object space 78848K, 34% used [0x00000006c1800000,0x00000006c32878b8,0x00000006c6500000)
 Metaspace       used 34800K, capacity 35364K, committed 35496K, reserved 1079296K
  class space    used 4914K, capacity 5072K, committed 5120K, reserved 1048576K
}
Event: 22.807 GC heap before
{Heap before GC invocations=10 (full 2):
 PSYoungGen      total 390656K, used 14449K [0x000000076b300000, 0x0000000785580000, 0x00000007c0000000)
  eden space 375808K, 0% used [0x000000076b300000,0x000000076b300000,0x0000000782200000)
  from space 14848K, 97% used [0x0000000784700000,0x000000078551c6c0,0x0000000785580000)
  to   space 26112K, 0% used [0x0000000782280000,0x0000000782280000,0x0000000783c00000)
 ParOldGen       total 78848K, used 27166K [0x00000006c1800000, 0x00000006c6500000, 0x000000076b300000)
  object space 78848K, 34% used [0x00000006c1800000,0x00000006c32878b8,0x00000006c6500000)
 Metaspace       used 34800K, capacity 35364K, committed 35496K, reserved 1079296K
  class space    used 4914K, capacity 5072K, committed 5120K, reserved 1048576K
Event: 22.897 GC heap after
Heap after GC invocations=10 (full 2):
 PSYoungGen      total 390656K, used 0K [0x000000076b300000, 0x0000000785580000, 0x00000007c0000000)
  eden space 375808K, 0% used [0x000000076b300000,0x000000076b300000,0x0000000782200000)
  from space 14848K, 0% used [0x0000000784700000,0x0000000784700000,0x0000000785580000)
  to   space 26112K, 0% used [0x0000000782280000,0x0000000782280000,0x0000000783c00000)
 ParOldGen       total 132608K, used 36162K [0x00000006c1800000, 0x00000006c9980000, 0x000000076b300000)
  object space 132608K, 27% used [0x00000006c1800000,0x00000006c3b50a10,0x00000006c9980000)
 Metaspace       used 34800K, capacity 35364K, committed 35496K, reserved 1079296K
  class space    used 4914K, capacity 5072K, committed 5120K, reserved 1048576K
}
Event: 30.485 GC heap before
{Heap before GC invocations=11 (full 2):
 PSYoungGen      total 390656K, used 375808K [0x000000076b300000, 0x0000000785580000, 0x00000007c0000000)
  eden space 375808K, 100% used [0x000000076b300000,0x0000000782200000,0x0000000782200000)
  from space 14848K, 0% used [0x0000000784700000,0x0000000784700000,0x0000000785580000)
  to   space 26112K, 0% used [0x0000000782280000,0x0000000782280000,0x0000000783c00000)
 ParOldGen       total 132608K, used 36162K [0x00000006c1800000, 0x00000006c9980000, 0x000000076b300000)
  object space 132608K, 27% used [0x00000006c1800000,0x00000006c3b50a10,0x00000006c9980000)
 Metaspace       used 35177K, capacity 35812K, committed 36096K, reserved 1081344K
  class space    used 4930K, capacity 5072K, committed 5120K, reserved 1048576K
Event: 30.490 GC heap after
Heap after GC invocations=11 (full 2):
 PSYoungGen      total 401920K, used 1495K [0x000000076b300000, 0x0000000785580000, 0x00000007c0000000)
  eden space 375808K, 0% used [0x000000076b300000,0x000000076b300000,0x0000000782200000)
  from space 26112K, 5% used [0x0000000782280000,0x00000007823f5de0,0x0000000783c00000)
  to   space 14848K, 0% used [0x0000000784700000,0x0000000784700000,0x0000000785580000)
 ParOldGen       total 132608K, used 36170K [0x00000006c1800000, 0x00000006c9980000, 0x000000076b300000)
  object space 132608K, 27% used [0x00000006c1800000,0x00000006c3b52a10,0x00000006c9980000)
 Metaspace       used 35177K, capacity 35812K, committed 36096K, reserved 1081344K
  class space    used 4930K, capacity 5072K, committed 5120K, reserved 1048576K
}
Event: 37.490 GC heap before
{Heap before GC invocations=12 (full 2):
 PSYoungGen      total 401920K, used 377303K [0x000000076b300000, 0x0000000785580000, 0x00000007c0000000)
  eden space 375808K, 100% used [0x000000076b300000,0x0000000782200000,0x0000000782200000)
  from space 26112K, 5% used [0x0000000782280000,0x00000007823f5de0,0x0000000783c00000)
  to   space 14848K, 0% used [0x0000000784700000,0x0000000784700000,0x0000000785580000)
 ParOldGen       total 132608K, used 36170K [0x00000006c1800000, 0x00000006c9980000, 0x000000076b300000)
  object space 132608K, 27% used [0x00000006c1800000,0x00000006c3b52a10,0x00000006c9980000)
 Metaspace       used 35215K, capacity 35812K, committed 36096K, reserved 1081344K
  class space    used 4932K, capacity 5072K, committed 5120K, reserved 1048576K
Event: 37.497 GC heap after
Heap after GC invocations=12 (full 2):
 PSYoungGen      total 390656K, used 1472K [0x000000076b300000, 0x0000000785580000, 0x00000007c0000000)
  eden space 375808K, 0% used [0x000000076b300000,0x000000076b300000,0x0000000782200000)
  from space 14848K, 9% used [0x0000000784700000,0x0000000784870010,0x0000000785580000)
  to   space 26112K, 0% used [0x0000000782280000,0x0000000782280000,0x0000000783c00000)
 ParOldGen       total 132608K, used 36178K [0x00000006c1800000, 0x00000006c9980000, 0x000000076b300000)
  object space 132608K, 27% used [0x00000006c1800000,0x00000006c3b54a10,0x00000006c9980000)
 Metaspace       used 35215K, capacity 35812K, committed 36096K, reserved 1081344K
  class space    used 4932K, capacity 5072K, committed 5120K, reserved 1048576K
}

